Examen1Bimestre/app/build/intermediates/manifest_merge_blame_file/debug/manifest-merger-blame-debug-report.txt
1<?xml version="1.0" encoding="utf-8"?>
2<manifest xmlns:android="http://schemas.android.com/apk/res/android"
3    xmlns:dist="http://schemas.android.com/apk/distribution"
4    package="com.example.examen1bimestre"
5    android:versionCode="1"
6    android:versionName="1.0" >
7
8    <uses-sdk
9        android:minSdkVersion="24"
9-->src/main/AndroidManifest.xml
10        android:targetSdkVersion="30" />
10-->src/main/AndroidManifest.xml
11
12    <dist:module dist:instant="true" />
12-->src/main/AndroidManifest.xml:6:5-40
12-->src/main/AndroidManifest.xml:6:18-37
13
14    <uses-permission android:name="android.permission.WRITE_EXTERNAL_STORAGE" />
14-->src/main/AndroidManifest.xml:8:5-81
14-->src/main/AndroidManifest.xml:8:22-78
15
16    <application
16-->src/main/AndroidManifest.xml:10:5-30:19
17        android:allowBackup="true"
17-->src/main/AndroidManifest.xml:11:9-35
18        android:appComponentFactory="androidx.core.app.CoreComponentFactory"
18-->[androidx.core:core:1.3.0] AndroidManifest.xml:24:18-86
19        android:debuggable="true"
20        android:extractNativeLibs="false"
21        android:icon="@mipmap/ic_launcher"
21-->src/main/AndroidManifest.xml:12:9-43
22        android:label="@string/app_name"
22-->src/main/AndroidManifest.xml:13:9-41
23        android:roundIcon="@mipmap/ic_launcher_round"
23-->src/main/AndroidManifest.xml:14:9-54
24        android:supportsRtl="true"
24-->src/main/AndroidManifest.xml:15:9-35
25        android:testOnly="true"
26        android:theme="@style/AppTheme" >
26-->src/main/AndroidManifest.xml:16:9-40
27        <activity android:name="com.example.examen1bimestre.AgregarMusculoActivity" />
27-->src/main/AndroidManifest.xml:17:9-69
27-->src/main/AndroidManifest.xml:17:19-57
28        <activity android:name="com.example.examen1bimestre.MusculoCRUDActivity" />
28-->src/main/AndroidManifest.xml:18:9-57
28-->src/main/AndroidManifest.xml:18:19-54
29        <activity android:name="com.example.examen1bimestre.MusculosActivity" />
29-->src/main/AndroidManifest.xml:19:9-54
29-->src/main/AndroidManifest.xml:19:19-51
30        <activity android:name="com.example.examen1bimestre.EjercicioActivity" />
30-->src/main/AndroidManifest.xml:20:9-55
30-->src/main/AndroidManifest.xml:20:19-52
31        <activity android:name="com.example.examen1bimestre.ListaEjerciciosActivity" />
31-->src/main/AndroidManifest.xml:21:9-61
31-->src/main/AndroidManifest.xml:21:19-58
32        <activity android:name="com.example.examen1bimestre.AgregarEjercicioActivity" />
32-->src/main/AndroidManifest.xml:22:9-62
32-->src/main/AndroidManifest.xml:22:19-59
33        <activity android:name="com.example.examen1bimestre.MainActivity" >
33-->src/main/AndroidManifest.xml:23:9-29:20
33-->src/main/AndroidManifest.xml:23:19-47
34            <intent-filter>
34-->src/main/AndroidManifest.xml:24:13-28:29
35                <action android:name="android.intent.action.MAIN" />
35-->src/main/AndroidManifest.xml:25:17-69
35-->src/main/AndroidManifest.xml:25:25-66
36
37                <category android:name="android.intent.category.LAUNCHER" />
37-->src/main/AndroidManifest.xml:27:17-77
37-->src/main/AndroidManifest.xml:27:27-74
38            </intent-filter>
39        </activity>
40    </application>
41
42</manifest>